<?xml version="1.0" encoding="UTF-8"?>
<testsuite name="tudelft.countletters.CountLettersTest" tests="4" skipped="0" failures="0" errors="0" timestamp="2025-04-21T01:48:23" hostname="THUNDER" time="0.07">
  <properties/>
  <testcase name="testWordsEndingWithR()" classname="tudelft.countletters.CountLettersTest" time="0.053"/>
  <testcase name="testWordsEndingWithS()" classname="tudelft.countletters.CountLettersTest" time="0.001"/>
  <testcase name="testMultipleWords()" classname="tudelft.countletters.CountLettersTest" time="0.003"/>
  <testcase name="testNoMatch()" classname="tudelft.countletters.CountLettersTest" time="0.002"/>
  <system-out><![CDATA[]]></system-out>
  <system-err><![CDATA[]]></system-err>
</testsuite>
