<?xml version="1.0" encoding="UTF-8"?>
<testsuite name="tudelft.Autenticador.AutenticadorTest" tests="6" skipped="0" failures="0" errors="0" timestamp="2025-04-21T02:46:31" hostname="THUNDER" time="0.067">
  <properties/>
  <testcase name="passwordEsNulo()" classname="tudelft.Autenticador.AutenticadorTest" time="0.046"/>
  <testcase name="usuarioNoPermitido()" classname="tudelft.Autenticador.AutenticadorTest" time="0.003"/>
  <testcase name="usuarioEsNulo()" classname="tudelft.Autenticador.AutenticadorTest" time="0.002"/>
  <testcase name="usuarioPermitidoPasswordIncorrecto()" classname="tudelft.Autenticador.AutenticadorTest" time="0.002"/>
  <testcase name="passwordMuyCorto()" classname="tudelft.Autenticador.AutenticadorTest" time="0.001"/>
  <testcase name="usuarioPermitidoYPasswordCorrecto()" classname="tudelft.Autenticador.AutenticadorTest" time="0.002"/>
  <system-out><![CDATA[]]></system-out>
  <system-err><![CDATA[]]></system-err>
</testsuite>
